LOG:  database system was shut down at 2012-01-19 12:18:09 CET
LOG:  autovacuum launcher started
LOG:  database system is ready to accept connections
ERROR:  subquery in FROM must have an alias at character 24
HINT:  For example, FROM (SELECT ...) [AS] foo.
STATEMENT:  select count(way) from (select * from planet_osm_line where ST_Within(way, ST_MakeEnvelope(4.88557, 52.36694, 4.91214, 52.37674, 4326)));
ERROR:  syntax error at or near "as" at character 136
STATEMENT:  select count(way) from (select * from planet_osm_line where ST_Within(way, ST_MakeEnvelope(4.88557, 52.36694, 4.91214, 52.37674, 4326))as foo);
ERROR:  syntax error at or near "as" at character 137
STATEMENT:  select count(way) from (select * from planet_osm_line where ST_Within(way, ST_MakeEnvelope(4.88557, 52.36694, 4.91214, 52.37674, 4326)) as foo);
LOG:  autovacuum launcher shutting down
LOG:  received smart shutdown request
LOG:  shutting down
LOG:  database system is shut down
LOG:  database system was shut down at 2012-01-20 14:42:48 CET
LOG:  autovacuum launcher started
LOG:  database system is ready to accept connections
LOG:  received fast shutdown request
LOG:  aborting any active transactions
LOG:  autovacuum launcher shutting down
LOG:  shutting down
LOG:  database system is shut down
